<?xml version="1.0" encoding="UTF-8"?>
<testng-results ignored="0" total="1" passed="1" failed="0" skipped="0">
  <reporter-output>
  </reporter-output>
  <suite started-at="2019-12-10T23:03:07 IST" name="Default suite" finished-at="2019-12-10T23:03:09 IST" duration-ms="1360">
    <groups>
    </groups>
    <test started-at="2019-12-10T23:03:07 IST" name="Default test" finished-at="2019-12-10T23:03:09 IST" duration-ms="1360">
      <class name="com.qa.test.HttpClientBasicAuth">
        <test-method signature="handleBasicAuthHttp()[pri:0, instance:com.qa.test.HttpClientBasicAuth@2133814f]" started-at="2019-12-10T23:03:07 IST" name="handleBasicAuthHttp" finished-at="2019-12-10T23:03:09 IST" duration-ms="1296" status="PASS">
          <reporter-output>
          </reporter-output>
        </test-method> <!-- handleBasicAuthHttp -->
      </class> <!-- com.qa.test.HttpClientBasicAuth -->
    </test> <!-- Default test -->
  </suite> <!-- Default suite -->
</testng-results>
