<?xml version="1.0" encoding="UTF-8"?>
<testng-results ignored="0" total="1" passed="1" failed="0" skipped="0">
  <reporter-output>
  </reporter-output>
  <suite started-at="2019-09-25T16:24:51Z" name="Default suite" finished-at="2019-09-25T16:24:54Z" duration-ms="2471">
    <groups>
    </groups>
    <test started-at="2019-09-25T16:24:51Z" name="Default test" finished-at="2019-09-25T16:24:54Z" duration-ms="2471">
      <class name="com.qa.test.PostCallTest">
        <test-method is-config="true" signature="setUp()[pri:0, instance:com.qa.test.PostCallTest@534df152]" started-at="2019-09-25T21:54:51Z" name="setUp" finished-at="2019-09-25T21:54:51Z" duration-ms="11" status="PASS">
          <reporter-output>
          </reporter-output>
        </test-method> <!-- setUp -->
        <test-method signature="postCallTest()[pri:0, instance:com.qa.test.PostCallTest@534df152]" started-at="2019-09-25T21:54:51Z" name="postCallTest" finished-at="2019-09-25T21:54:54Z" duration-ms="2427" status="PASS">
          <reporter-output>
          </reporter-output>
        </test-method> <!-- postCallTest -->
      </class> <!-- com.qa.test.PostCallTest -->
    </test> <!-- Default test -->
  </suite> <!-- Default suite -->
</testng-results>
